TN:
SF:app.js
FNF:0
FNH:0
DA:1,1
DA:2,1
DA:3,1
DA:5,1
DA:6,1
DA:8,1
DA:9,1
DA:11,1
DA:12,1
DA:13,1
DA:15,1
DA:20,1
DA:21,1
DA:22,1
DA:24,1
DA:26,1
DA:32,1
LF:17
LH:17
BRF:0
BRH:0
end_of_record
TN:
SF:swagger.js
FNF:0
FNH:0
DA:1,1
DA:2,1
DA:4,1
LF:3
LH:3
BRF:0
BRH:0
end_of_record
TN:
SF:controllers\auth.controller.js
FN:5,(anonymous_0)
FN:29,(anonymous_1)
FNF:2
FNH:0
FNDA:0,(anonymous_0)
FNDA:0,(anonymous_1)
DA:1,1
DA:2,1
DA:3,1
DA:5,1
DA:6,0
DA:8,0
DA:9,0
DA:11,0
DA:12,0
DA:13,0
DA:14,0
DA:17,0
DA:18,0
DA:19,0
DA:21,0
DA:24,0
DA:25,0
DA:29,1
DA:30,0
DA:32,0
DA:33,0
DA:35,0
DA:36,0
DA:37,0
DA:38,0
DA:40,0
LF:26
LH:5
BRDA:17,0,0,0
BRDA:17,0,1,0
BRDA:17,1,0,0
BRDA:17,1,1,0
BRDA:17,1,2,0
BRDA:32,2,0,0
BRDA:32,2,1,0
BRDA:36,3,0,0
BRDA:36,3,1,0
BRF:9
BRH:0
end_of_record
TN:
SF:controllers\user.controller.js
FN:7,(anonymous_0)
FN:24,(anonymous_1)
FN:42,(anonymous_2)
FN:69,(anonymous_3)
FN:93,(anonymous_4)
FN:107,(anonymous_5)
FNF:6
FNH:3
FNDA:1,(anonymous_0)
FNDA:1,(anonymous_1)
FNDA:2,(anonymous_2)
FNDA:0,(anonymous_3)
FNDA:0,(anonymous_4)
FNDA:0,(anonymous_5)
DA:1,1
DA:2,1
DA:3,1
DA:5,1
DA:7,1
DA:8,1
DA:10,1
DA:12,1
DA:13,1
DA:14,1
DA:15,1
DA:16,1
DA:18,0
DA:19,0
DA:20,0
DA:24,1
DA:25,1
DA:26,1
DA:28,1
DA:30,1
DA:31,1
DA:32,1
DA:34,0
DA:37,0
DA:38,0
DA:42,1
DA:43,2
DA:44,2
DA:45,2
DA:46,2
DA:48,2
DA:60,2
DA:61,2
DA:62,1
DA:64,1
DA:65,1
DA:69,1
DA:70,0
DA:72,0
DA:74,0
DA:84,0
DA:85,0
DA:86,0
DA:88,0
DA:89,0
DA:93,1
DA:94,0
DA:95,0
DA:97,0
DA:98,0
DA:99,0
DA:101,0
DA:102,0
DA:107,1
DA:108,0
DA:109,0
DA:110,0
DA:112,0
DA:113,0
DA:114,0
DA:116,0
DA:117,0
LF:62
LH:33
BRDA:31,0,0,1
BRDA:31,0,1,0
BRF:2
BRH:1
end_of_record
TN:
SF:controllers\user.product.controller.js
FN:3,(anonymous_0)
FN:15,(anonymous_1)
FN:28,(anonymous_2)
FN:49,(anonymous_3)
FN:69,(anonymous_4)
FN:91,(anonymous_5)
FNF:6
FNH:0
FNDA:0,(anonymous_0)
FNDA:0,(anonymous_1)
FNDA:0,(anonymous_2)
FNDA:0,(anonymous_3)
FNDA:0,(anonymous_4)
FNDA:0,(anonymous_5)
DA:1,1
DA:3,1
DA:4,0
DA:6,0
DA:7,0
DA:8,0
DA:10,0
DA:11,0
DA:15,1
DA:16,0
DA:17,0
DA:19,0
DA:20,0
DA:21,0
DA:23,0
DA:24,0
DA:28,1
DA:29,0
DA:30,0
DA:31,0
DA:33,0
DA:34,0
DA:42,0
DA:44,0
DA:45,0
DA:49,1
DA:50,0
DA:51,0
DA:52,0
DA:54,0
DA:55,0
DA:56,0
DA:62,0
DA:64,0
DA:65,0
DA:69,1
DA:70,0
DA:71,0
DA:73,0
DA:75,0
DA:76,0
DA:84,0
DA:86,0
DA:87,0
DA:91,1
DA:92,0
DA:94,0
DA:95,0
DA:117,0
DA:119,0
DA:120,0
LF:51
LH:7
BRF:0
BRH:0
end_of_record
TN:
SF:logger\logger.js
FNF:0
FNH:0
DA:37,1
DA:38,1
DA:39,1
DA:40,1
DA:41,1
DA:43,1
DA:50,1
DA:89,1
LF:8
LH:8
BRF:0
BRH:0
end_of_record
TN:
SF:middlewares\auth.middleware.js
FN:4,verifyToken
FN:24,verifyRoles
FN:25,(anonymous_2)
FNF:3
FNH:3
FNDA:4,verifyToken
FNDA:4,verifyRoles
FNDA:2,(anonymous_2)
DA:1,1
DA:2,1
DA:5,4
DA:7,4
DA:9,4
DA:10,0
DA:13,4
DA:15,4
DA:16,4
DA:18,4
DA:20,0
DA:25,4
DA:27,2
DA:28,0
DA:31,2
DA:34,2
DA:36,2
DA:37,0
DA:40,2
DA:44,1
LF:20
LH:16
BRDA:7,0,0,4
BRDA:7,0,1,4
BRDA:9,1,0,0
BRDA:9,1,1,4
BRDA:15,2,0,4
BRDA:15,2,1,0
BRDA:27,3,0,0
BRDA:27,3,1,2
BRDA:27,4,0,2
BRDA:27,4,1,2
BRDA:36,5,0,0
BRDA:36,5,1,2
BRF:12
BRH:8
end_of_record
TN:
SF:models\user.model.js
FNF:0
FNH:0
DA:1,1
DA:3,1
DA:5,1
DA:10,1
DA:15,1
DA:22,1
DA:64,1
LF:7
LH:7
BRF:0
BRH:0
end_of_record
TN:
SF:routes\auth.routes.js
FNF:0
FNH:0
DA:1,1
DA:2,1
DA:4,1
DA:6,1
DA:7,1
DA:9,1
LF:6
LH:6
BRF:0
BRH:0
end_of_record
TN:
SF:routes\user.products.routes.js
FNF:0
FNH:0
DA:1,1
DA:2,1
DA:4,1
DA:6,1
DA:7,1
DA:8,1
DA:9,1
DA:10,1
DA:11,1
DA:13,1
LF:10
LH:10
BRF:0
BRH:0
end_of_record
TN:
SF:routes\user.routes.js
FNF:0
FNH:0
DA:1,1
DA:2,1
DA:4,1
DA:5,1
DA:6,1
DA:8,1
DA:9,1
DA:11,1
DA:12,1
DA:13,1
DA:14,1
DA:16,1
LF:12
LH:12
BRF:0
BRH:0
end_of_record
TN:
SF:services\auth.service.js
FN:4,generateAccessToken
FN:20,verifyAccessToken
FN:33,googleAuth
FNF:3
FNH:2
FNDA:2,generateAccessToken
FNDA:4,verifyAccessToken
FNDA:0,googleAuth
DA:1,1
DA:2,1
DA:8,2
DA:14,2
DA:15,2
DA:17,2
DA:21,4
DA:23,4
DA:24,4
DA:27,4
DA:29,0
DA:34,0
DA:35,0
DA:36,0
DA:37,0
DA:39,0
DA:41,0
DA:43,0
DA:44,0
DA:45,0
DA:47,0
DA:52,0
DA:54,0
DA:55,0
DA:56,0
DA:58,0
DA:59,0
DA:63,1
LF:28
LH:11
BRF:0
BRH:0
end_of_record
TN:
SF:services\user.services.js
FN:3,findAll
FN:8,findOne
FN:13,findLastInsertedUser
FNF:3
FNH:3
FNDA:1,findAll
FNDA:1,findOne
FNDA:1,findLastInsertedUser
DA:1,1
DA:4,1
DA:5,1
DA:9,1
DA:10,1
DA:14,1
DA:16,1
DA:17,1
DA:18,1
DA:19,1
DA:21,0
DA:22,0
DA:26,1
LF:13
LH:11
BRF:0
BRH:0
end_of_record
